<?xml version="1.0" encoding="UTF-8"?>
<testng-results skipped="0" failed="0" ignored="0" total="1" passed="1">
  <reporter-output>
  </reporter-output>
  <suite name="test" duration-ms="42" started-at="2017-06-04T16:41:32Z" finished-at="2017-06-04T16:41:32Z">
    <groups>
    </groups>
    <test name="test" duration-ms="42" started-at="2017-06-04T16:41:32Z" finished-at="2017-06-04T16:41:32Z">
      <class name="selfadmin.Test1">
        <test-method status="PASS" signature="abc()[pri:0, instance:selfadmin.Test1@2b98378d]" name="abc" duration-ms="14" started-at="2017-06-04T11:41:32Z" finished-at="2017-06-04T11:41:32Z">
          <reporter-output>
          </reporter-output>
        </test-method> <!-- abc -->
      </class> <!-- selfadmin.Test1 -->
    </test> <!-- test -->
  </suite> <!-- test -->
</testng-results>
